TN:
SF:src\constants.ts
FNF:0
FNH:0
DA:1,3
DA:2,3
LF:2
LH:2
BRF:0
BRH:0
end_of_record
TN:
SF:src\components\loading-screen\index.tsx
FN:5,(anonymous_0)
FNF:1
FNH:1
FNDA:12,(anonymous_0)
DA:5,4
DA:6,12
DA:8,12
LF:3
LH:3
BRF:0
BRH:0
end_of_record
TN:
SF:src\components\logo\index.tsx
FN:10,(anonymous_0)
FNF:1
FNH:1
FNDA:22,(anonymous_0)
DA:10,4
DA:11,22
DA:12,22
LF:3
LH:3
BRDA:27,0,0,22
BRDA:27,0,1,1
BRF:2
BRH:2
end_of_record
TN:
SF:src\features\403\index.tsx
FN:1,(anonymous_0)
FNF:1
FNH:1
FNDA:1,(anonymous_0)
DA:1,1
DA:2,1
LF:2
LH:2
BRF:0
BRH:0
end_of_record
TN:
SF:src\features\404\index.tsx
FN:1,(anonymous_0)
FNF:1
FNH:1
FNDA:1,(anonymous_0)
DA:1,1
DA:2,1
LF:2
LH:2
BRF:0
BRH:0
end_of_record
TN:
SF:src\features\board\index.tsx
FN:1,(anonymous_0)
FNF:1
FNH:1
FNDA:1,(anonymous_0)
DA:1,1
DA:2,1
LF:2
LH:2
BRF:0
BRH:0
end_of_record
TN:
SF:src\features\calendar\index.tsx
FN:1,(anonymous_0)
FNF:1
FNH:1
FNDA:1,(anonymous_0)
DA:1,1
DA:2,1
LF:2
LH:2
BRF:0
BRH:0
end_of_record
TN:
SF:src\features\chat\index.tsx
FN:1,(anonymous_0)
FNF:1
FNH:1
FNDA:1,(anonymous_0)
DA:1,1
DA:2,1
LF:2
LH:2
BRF:0
BRH:0
end_of_record
TN:
SF:src\features\forgot-password\index.tsx
FN:1,(anonymous_0)
FNF:1
FNH:1
FNDA:1,(anonymous_0)
DA:1,1
DA:2,1
LF:2
LH:2
BRF:0
BRH:0
end_of_record
TN:
SF:src\features\sign-in\index.tsx
FN:1,(anonymous_0)
FNF:1
FNH:1
FNDA:1,(anonymous_0)
DA:1,1
DA:2,1
LF:2
LH:2
BRF:0
BRH:0
end_of_record
TN:
SF:src\features\sign-up\index.tsx
FN:1,(anonymous_0)
FNF:1
FNH:1
FNDA:1,(anonymous_0)
DA:1,1
DA:2,1
LF:2
LH:2
BRF:0
BRH:0
end_of_record
TN:
SF:src\features\user-list\index.tsx
FN:1,(anonymous_0)
FNF:1
FNH:1
FNDA:1,(anonymous_0)
DA:1,1
DA:2,1
LF:2
LH:2
BRF:0
BRH:0
end_of_record
TN:
SF:src\features\user-role\index.tsx
FN:1,(anonymous_0)
FNF:1
FNH:1
FNDA:1,(anonymous_0)
DA:1,1
DA:2,1
LF:2
LH:2
BRF:0
BRH:0
end_of_record
TN:
SF:src\layouts\auth-layout\index.tsx
FN:14,(anonymous_0)
FN:98,(anonymous_1)
FNF:2
FNH:2
FNDA:15,(anonymous_0)
FNDA:18,(anonymous_1)
DA:14,3
DA:15,15
DA:17,15
DA:18,15
DA:19,15
DA:21,15
DA:69,15
DA:99,18
LF:8
LH:8
BRDA:79,0,0,15
BRDA:79,0,1,6
BRF:2
BRH:2
end_of_record
TN:
SF:src\layouts\auth-layout\components\left-side-item\index.tsx
FN:9,(anonymous_0)
FNF:1
FNH:1
FNDA:1,(anonymous_0)
DA:9,3
DA:10,1
DA:11,1
DA:13,1
LF:4
LH:4
BRF:0
BRH:0
end_of_record
TN:
SF:src\layouts\error-layout\index.tsx
FN:7,(anonymous_0)
FNF:1
FNH:1
FNDA:11,(anonymous_0)
DA:7,3
DA:8,11
DA:10,11
DA:12,11
LF:4
LH:4
BRF:0
BRH:0
end_of_record
TN:
SF:src\layouts\main-layout\index.tsx
FN:5,(anonymous_0)
FNF:1
FNH:1
FNDA:18,(anonymous_0)
DA:5,3
DA:6,18
DA:7,18
LF:3
LH:3
BRF:0
BRH:0
end_of_record
TN:
SF:src\layouts\main-layout\menu-items.tsx
FNF:0
FNH:0
DA:4,4
LF:1
LH:1
BRF:0
BRH:0
end_of_record
TN:
SF:src\layouts\main-layout\components\nav-group\index.tsx
FN:23,(anonymous_0)
FN:32,(anonymous_1)
FN:36,(anonymous_2)
FN:40,(anonymous_3)
FN:44,(anonymous_4)
FN:62,(anonymous_5)
FN:70,(anonymous_6)
FN:89,(anonymous_7)
FN:115,(anonymous_8)
FNF:9
FNH:7
FNDA:26,(anonymous_0)
FNDA:1,(anonymous_1)
FNDA:0,(anonymous_2)
FNDA:0,(anonymous_3)
FNDA:52,(anonymous_4)
FNDA:26,(anonymous_5)
FNDA:26,(anonymous_6)
FNDA:1,(anonymous_7)
FNDA:43,(anonymous_8)
DA:23,4
DA:24,26
DA:25,26
DA:26,26
DA:27,26
DA:28,26
DA:29,26
DA:30,26
DA:32,26
DA:33,1
DA:36,26
DA:37,0
DA:40,26
DA:41,0
DA:44,26
DA:45,52
DA:53,26
DA:63,26
DA:70,26
DA:90,1
DA:116,43
LF:21
LH:19
BRDA:30,0,0,0
BRDA:30,0,1,26
BRDA:46,1,0,52
BRDA:46,1,1,8
BRDA:46,1,2,50
BRDA:46,1,3,38
BRDA:46,1,4,32
BRDA:46,1,5,0
BRDA:56,2,0,4
BRDA:56,2,1,22
BRDA:61,3,0,4
BRDA:61,3,1,22
BRDA:63,4,0,7
BRDA:63,4,1,19
BRDA:66,5,0,7
BRDA:66,5,1,19
BRDA:74,6,0,26
BRDA:74,6,1,4
BRDA:75,7,0,26
BRDA:75,7,1,4
BRDA:76,8,0,26
BRDA:76,8,1,4
BRDA:80,9,0,1
BRDA:80,9,1,3
BRDA:87,10,0,26
BRDA:87,10,1,1
BRDA:87,10,2,1
BRDA:103,11,0,26
BRDA:103,11,1,22
BRF:29
BRH:27
end_of_record
TN:
SF:src\layouts\main-layout\components\nav-item\index.tsx
FN:15,(anonymous_0)
FN:28,(anonymous_1)
FN:33,(anonymous_2)
FNF:3
FNH:3
FNDA:69,(anonymous_0)
FNDA:69,(anonymous_1)
FNDA:69,(anonymous_2)
DA:15,3
DA:16,69
DA:17,69
DA:19,69
DA:29,69
DA:33,69
LF:6
LH:6
BRDA:22,0,0,69
BRDA:22,0,1,1
BRDA:27,1,0,5
BRDA:27,1,1,64
BRDA:29,2,0,13
BRDA:29,2,1,56
BRDA:30,3,0,13
BRDA:30,3,1,56
BRDA:37,4,0,69
BRDA:37,4,1,3
BRDA:38,5,0,69
BRDA:38,5,1,5
BRF:12
BRH:12
end_of_record
TN:
SF:src\layouts\main-layout\components\side-bar\index.tsx
FN:17,(anonymous_0)
FN:26,(anonymous_1)
FN:36,(anonymous_2)
FN:37,(anonymous_3)
FN:44,(anonymous_4)
FN:51,(anonymous_5)
FN:60,(anonymous_6)
FN:64,(anonymous_7)
FN:104,(anonymous_8)
FNF:9
FNH:9
FNDA:44,(anonymous_0)
FNDA:44,(anonymous_1)
FNDA:69,(anonymous_2)
FNDA:22,(anonymous_3)
FNDA:22,(anonymous_4)
FNDA:22,(anonymous_5)
FNDA:22,(anonymous_6)
FNDA:2,(anonymous_7)
FNDA:88,(anonymous_8)
DA:17,44
DA:26,44
DA:35,3
DA:36,69
DA:37,22
DA:44,22
DA:51,22
DA:60,3
DA:61,22
DA:62,22
DA:64,22
DA:65,2
DA:68,22
DA:105,88
LF:14
LH:14
BRDA:76,0,0,1
BRDA:76,0,1,21
BRDA:83,1,0,1
BRDA:83,1,1,21
BRDA:96,2,0,1
BRDA:96,2,1,21
BRDA:106,3,0,22
BRDA:106,3,1,66
BRF:8
BRH:8
end_of_record
TN:
SF:src\layouts\main-layout\components\user-buble\index.tsx
FN:4,(anonymous_0)
FN:7,(anonymous_1)
FN:11,(anonymous_2)
FNF:3
FNH:2
FNDA:19,(anonymous_0)
FNDA:1,(anonymous_1)
FNDA:0,(anonymous_2)
DA:4,3
DA:5,19
DA:7,19
DA:8,1
DA:11,19
DA:12,0
DA:15,19
DA:16,19
DA:17,19
LF:9
LH:8
BRDA:16,0,0,1
BRDA:16,0,1,18
BRF:2
BRH:2
end_of_record
TN:
SF:src\locales\i18n.ts
FNF:0
FNH:0
DA:11,32
DA:15,32
DA:28,32
LF:3
LH:3
BRF:0
BRH:0
end_of_record
TN:
SF:src\locales\el\common.json
FNF:0
FNH:0
LF:0
LH:0
BRF:0
BRH:0
end_of_record
TN:
SF:src\locales\el\meta.json
FNF:0
FNH:0
LF:0
LH:0
BRF:0
BRH:0
end_of_record
TN:
SF:src\locales\el\validation.json
FNF:0
FNH:0
LF:0
LH:0
BRF:0
BRH:0
end_of_record
TN:
SF:src\locales\en\common.json
FNF:0
FNH:0
DA:1,32
DA:2,32
DA:3,32
DA:4,32
LF:4
LH:4
BRF:0
BRH:0
end_of_record
TN:
SF:src\locales\en\meta.json
FNF:0
FNH:0
DA:1,32
LF:1
LH:1
BRF:0
BRH:0
end_of_record
TN:
SF:src\locales\en\validation.json
FNF:0
FNH:0
LF:0
LH:0
BRF:0
BRH:0
end_of_record
TN:
SF:src\mocks\handlers.ts
FNF:0
FNH:0
DA:1,36
LF:1
LH:1
BRF:0
BRH:0
end_of_record
TN:
SF:src\mocks\server.ts
FN:6,(anonymous_0)
FN:10,(anonymous_1)
FNF:2
FNH:0
FNDA:0,(anonymous_0)
FNDA:0,(anonymous_1)
DA:4,36
DA:6,36
DA:7,0
DA:10,36
DA:11,0
LF:5
LH:3
BRF:0
BRH:0
end_of_record
TN:
SF:src\pages\403\index.tsx
FN:4,(anonymous_0)
FNF:1
FNH:1
FNDA:1,(anonymous_0)
DA:4,1
DA:5,1
LF:2
LH:2
BRF:0
BRH:0
end_of_record
TN:
SF:src\pages\404\index.tsx
FN:4,(anonymous_0)
FNF:1
FNH:1
FNDA:1,(anonymous_0)
DA:4,1
DA:5,1
LF:2
LH:2
BRF:0
BRH:0
end_of_record
TN:
SF:src\pages\board\index.tsx
FN:5,(anonymous_0)
FNF:1
FNH:1
FNDA:1,(anonymous_0)
DA:5,1
DA:6,1
DA:7,1
LF:3
LH:3
BRF:0
BRH:0
end_of_record
TN:
SF:src\pages\calendar\index.tsx
FN:5,(anonymous_0)
FNF:1
FNH:1
FNDA:1,(anonymous_0)
DA:5,1
DA:6,1
DA:7,1
LF:3
LH:3
BRF:0
BRH:0
end_of_record
TN:
SF:src\pages\chat\index.tsx
FN:5,(anonymous_0)
FNF:1
FNH:1
FNDA:1,(anonymous_0)
DA:5,1
DA:6,1
DA:7,1
LF:3
LH:3
BRF:0
BRH:0
end_of_record
TN:
SF:src\pages\forgot-password\index.tsx
FN:5,(anonymous_0)
FNF:1
FNH:1
FNDA:1,(anonymous_0)
DA:5,1
DA:6,1
DA:7,1
LF:3
LH:3
BRF:0
BRH:0
end_of_record
TN:
SF:src\pages\sign-in\index.tsx
FN:5,(anonymous_0)
FNF:1
FNH:1
FNDA:1,(anonymous_0)
DA:5,1
DA:6,1
DA:7,1
LF:3
LH:3
BRF:0
BRH:0
end_of_record
TN:
SF:src\pages\sign-up\index.tsx
FN:5,(anonymous_0)
FNF:1
FNH:1
FNDA:1,(anonymous_0)
DA:5,1
DA:6,1
DA:7,1
LF:3
LH:3
BRF:0
BRH:0
end_of_record
TN:
SF:src\pages\user-list\index.tsx
FN:5,(anonymous_0)
FNF:1
FNH:1
FNDA:1,(anonymous_0)
DA:5,1
DA:6,1
DA:7,1
LF:3
LH:3
BRF:0
BRH:0
end_of_record
TN:
SF:src\pages\user-role\index.tsx
FN:5,(anonymous_0)
FNF:1
FNH:1
FNDA:1,(anonymous_0)
DA:5,1
DA:6,1
DA:7,1
LF:3
LH:3
BRF:0
BRH:0
end_of_record
TN:
SF:src\routes\routes.ts
FNF:0
FNH:0
DA:1,7
LF:1
LH:1
BRF:0
BRH:0
end_of_record
TN:
SF:src\routes\sections\index.tsx
FNF:0
FNH:0
DA:9,1
DA:16,1
LF:2
LH:2
BRF:0
BRH:0
end_of_record
TN:
SF:src\routes\sections\auth\index.tsx
FN:10,(anonymous_0)
FN:11,(anonymous_1)
FN:12,(anonymous_2)
FNF:3
FNH:3
FNDA:1,(anonymous_0)
FNDA:1,(anonymous_1)
FNDA:1,(anonymous_2)
DA:10,2
DA:11,2
DA:12,2
DA:14,2
LF:4
LH:4
BRF:0
BRH:0
end_of_record
TN:
SF:src\routes\sections\error\index.tsx
FN:9,(anonymous_0)
FN:10,(anonymous_1)
FNF:2
FNH:2
FNDA:2,(anonymous_0)
FNDA:1,(anonymous_1)
DA:9,2
DA:10,2
DA:12,2
LF:3
LH:3
BRF:0
BRH:0
end_of_record
TN:
SF:src\routes\sections\main\index.tsx
FN:9,(anonymous_0)
FN:10,(anonymous_1)
FN:11,(anonymous_2)
FN:12,(anonymous_3)
FN:13,(anonymous_4)
FNF:5
FNH:5
FNDA:1,(anonymous_0)
FNDA:1,(anonymous_1)
FNDA:1,(anonymous_2)
FNDA:1,(anonymous_3)
FNDA:1,(anonymous_4)
DA:9,1
DA:10,1
DA:11,1
DA:12,1
DA:13,1
DA:15,1
LF:6
LH:6
BRF:0
BRH:0
end_of_record
TN:
SF:src\store\root-reducer.ts
FNF:0
FNH:0
DA:3,32
LF:1
LH:1
BRF:0
BRH:0
end_of_record
TN:
SF:src\store\store.ts
FN:8,(anonymous_0)
FNF:1
FNH:1
FNDA:56,(anonymous_0)
DA:8,32
DA:9,56
DA:15,56
DA:17,56
DA:24,32
DA:25,32
LF:6
LH:6
BRF:0
BRH:0
end_of_record
TN:
SF:src\test-utils\custom-render.tsx
FN:27,(anonymous_0)
FN:38,(anonymous_1)
FNF:2
FNH:2
FNDA:56,(anonymous_0)
FNDA:56,(anonymous_1)
DA:27,32
DA:38,56
DA:39,56
DA:54,56
DA:56,56
LF:5
LH:5
BRDA:30,0,0,56
BRDA:31,1,0,56
BRDA:32,2,0,56
BRF:3
BRH:3
end_of_record
TN:
SF:src\theme\breakpoints.ts
FNF:0
FNH:0
DA:3,33
LF:1
LH:1
BRF:0
BRH:0
end_of_record
TN:
SF:src\theme\palette.ts
FNF:0
FNH:0
DA:18,34
DA:32,34
DA:47,34
DA:62,34
DA:77,34
DA:92,34
DA:107,34
DA:122,34
DA:137,34
DA:144,34
DA:151,34
DA:158,34
DA:165,34
DA:172,34
DA:179,34
DA:186,34
DA:191,34
DA:201,34
DA:216,34
LF:19
LH:19
BRF:0
BRH:0
end_of_record
TN:
SF:src\theme\shadows.ts
FNF:0
FNH:0
DA:5,33
DA:6,33
DA:7,33
DA:8,33
DA:10,33
DA:38,33
LF:6
LH:6
BRF:0
BRH:0
end_of_record
TN:
SF:src\theme\theme-provider.tsx
FN:14,(anonymous_0)
FN:15,(anonymous_1)
FNF:2
FNH:2
FNDA:56,(anonymous_0)
FNDA:56,(anonymous_1)
DA:14,32
DA:15,56
DA:16,56
DA:27,56
DA:29,56
LF:5
LH:5
BRF:0
BRH:0
end_of_record
TN:
SF:src\theme\typography.ts
FNF:0
FNH:0
DA:12,32
DA:13,32
DA:15,32
LF:3
LH:3
BRF:0
BRH:0
end_of_record
TN:
SF:src\utils\typography.ts
FN:1,remToPx
FN:5,pxToRem
FN:15,responsiveFontSizes
FNF:3
FNH:2
FNDA:0,remToPx
FNDA:992,pxToRem
FNDA:192,responsiveFontSizes
DA:2,0
DA:6,992
DA:16,192
LF:3
LH:2
BRF:0
BRH:0
end_of_record
