TN:
SF:src\constants.ts
FNF:0
FNH:0
DA:1,4
DA:2,4
LF:2
LH:2
BRF:0
BRH:0
end_of_record
TN:
SF:src\components\custom-date-picker\index.tsx
FN:24,(anonymous_0)
FN:36,(anonymous_1)
FNF:2
FNH:2
FNDA:16,(anonymous_0)
FNDA:16,(anonymous_1)
DA:24,1
DA:30,16
DA:32,16
DA:37,16
LF:4
LH:4
BRDA:42,0,0,2
BRDA:42,0,1,14
BRDA:43,1,0,16
BRDA:43,1,1,16
BRF:4
BRH:4
end_of_record
TN:
SF:src\components\custom-text-field\index.tsx
FN:16,(anonymous_0)
FN:28,(anonymous_1)
FNF:2
FNH:2
FNDA:52,(anonymous_0)
FNDA:75,(anonymous_1)
DA:16,2
DA:22,52
DA:24,52
DA:29,75
LF:4
LH:4
BRDA:37,0,0,75
BRDA:37,0,1,75
BRDA:41,1,0,75
BRDA:41,1,1,75
BRDA:42,2,0,4
BRDA:42,2,1,71
BRF:6
BRH:6
end_of_record
TN:
SF:src\components\custom-time-picker\index.tsx
FN:24,(anonymous_0)
FN:36,(anonymous_1)
FNF:2
FNH:2
FNDA:16,(anonymous_0)
FNDA:16,(anonymous_1)
DA:24,1
DA:30,16
DA:32,16
DA:37,16
LF:4
LH:4
BRDA:47,0,0,2
BRDA:47,0,1,14
BRDA:48,1,0,16
BRDA:48,1,1,16
BRF:4
BRH:4
end_of_record
TN:
SF:src\components\form-provider\index.tsx
FN:14,(anonymous_0)
FNF:1
FNH:1
FNDA:26,(anonymous_0)
DA:14,2
DA:19,26
LF:2
LH:2
BRF:0
BRH:0
end_of_record
TN:
SF:src\components\loading-screen\index.tsx
FN:5,(anonymous_0)
FNF:1
FNH:1
FNDA:12,(anonymous_0)
DA:5,4
DA:6,12
DA:8,12
LF:3
LH:3
BRF:0
BRH:0
end_of_record
TN:
SF:src\components\logo\index.tsx
FN:10,(anonymous_0)
FNF:1
FNH:1
FNDA:22,(anonymous_0)
DA:10,4
DA:11,22
DA:12,22
LF:3
LH:3
BRDA:27,0,0,22
BRDA:27,0,1,1
BRF:2
BRH:2
end_of_record
TN:
SF:src\features\403\index.tsx
FN:1,(anonymous_0)
FNF:1
FNH:1
FNDA:1,(anonymous_0)
DA:1,1
DA:2,1
LF:2
LH:2
BRF:0
BRH:0
end_of_record
TN:
SF:src\features\404\index.tsx
FN:1,(anonymous_0)
FNF:1
FNH:1
FNDA:1,(anonymous_0)
DA:1,1
DA:2,1
LF:2
LH:2
BRF:0
BRH:0
end_of_record
TN:
SF:src\features\board\index.tsx
FN:1,(anonymous_0)
FNF:1
FNH:1
FNDA:1,(anonymous_0)
DA:1,1
DA:2,1
LF:2
LH:2
BRF:0
BRH:0
end_of_record
TN:
SF:src\features\calendar\index.tsx
FN:33,(anonymous_0)
FN:55,(anonymous_1)
FN:60,(anonymous_2)
FN:62,(anonymous_3)
FN:64,(anonymous_4)
FN:75,(anonymous_5)
FN:82,(anonymous_6)
FNF:7
FNH:4
FNDA:2,(anonymous_0)
FNDA:0,(anonymous_1)
FNDA:0,(anonymous_2)
FNDA:2,(anonymous_3)
FNDA:2,(anonymous_4)
FNDA:28,(anonymous_5)
FNDA:0,(anonymous_6)
DA:19,1
DA:24,1
DA:33,1
DA:34,2
DA:35,2
DA:36,2
DA:38,2
DA:44,2
DA:45,2
DA:46,2
DA:53,2
DA:55,2
DA:56,0
DA:60,2
DA:62,2
DA:63,2
DA:73,2
DA:76,28
DA:83,0
DA:91,2
LF:20
LH:18
BRDA:44,0,0,0
BRDA:44,0,1,2
BRDA:105,1,0,0
BRDA:105,1,1,2
BRF:4
BRH:2
end_of_record
TN:
SF:src\features\calendar\components\create-event\index.tsx
FN:7,(anonymous_0)
FN:11,(anonymous_1)
FN:17,(anonymous_2)
FN:33,(anonymous_3)
FNF:4
FNH:3
FNDA:7,(anonymous_0)
FNDA:3,(anonymous_1)
FNDA:3,(anonymous_2)
FNDA:0,(anonymous_3)
DA:7,1
DA:8,7
DA:9,7
DA:11,7
DA:12,3
DA:14,7
DA:17,3
DA:33,0
LF:8
LH:7
BRF:0
BRH:0
end_of_record
TN:
SF:src\features\calendar\components\create-event-form\index.tsx
FN:28,(anonymous_0)
FN:42,(anonymous_1)
FN:96,(anonymous_2)
FNF:3
FNH:2
FNDA:8,(anonymous_0)
FNDA:0,(anonymous_1)
FNDA:1,(anonymous_2)
DA:28,1
DA:29,8
DA:30,8
DA:31,8
DA:32,8
DA:34,8
DA:40,8
DA:42,8
DA:43,0
DA:44,0
DA:47,8
DA:96,1
LF:12
LH:10
BRDA:56,0,0,0
BRDA:56,0,1,8
BRDA:71,1,0,0
BRDA:71,1,1,8
BRF:4
BRH:2
end_of_record
TN:
SF:src\features\calendar\components\toolbar\index.tsx
FN:19,(anonymous_0)
FN:38,(anonymous_1)
FN:42,(anonymous_2)
FN:64,(anonymous_3)
FN:79,(anonymous_4)
FN:82,(anonymous_5)
FN:92,(anonymous_6)
FN:105,(anonymous_7)
FN:116,(anonymous_8)
FN:129,(anonymous_9)
FN:158,(anonymous_10)
FN:172,(anonymous_11)
FN:184,(anonymous_12)
FN:198,(anonymous_13)
FNF:14
FNH:7
FNDA:5,(anonymous_0)
FNDA:0,(anonymous_1)
FNDA:0,(anonymous_2)
FNDA:0,(anonymous_3)
FNDA:1,(anonymous_4)
FNDA:1,(anonymous_5)
FNDA:1,(anonymous_6)
FNDA:1,(anonymous_7)
FNDA:1,(anonymous_8)
FNDA:1,(anonymous_9)
FNDA:0,(anonymous_10)
FNDA:0,(anonymous_11)
FNDA:0,(anonymous_12)
FNDA:0,(anonymous_13)
DA:19,1
DA:29,5
DA:30,5
DA:31,5
DA:32,5
DA:33,5
DA:34,5
DA:36,5
DA:38,5
DA:39,0
DA:42,5
DA:43,0
DA:46,5
DA:47,5
DA:48,5
DA:64,0
DA:79,1
DA:82,1
DA:92,1
DA:105,1
DA:116,1
DA:129,1
DA:158,0
DA:172,0
DA:184,0
DA:198,0
LF:26
LH:19
BRDA:47,0,0,0
BRDA:47,0,1,5
BRDA:56,1,0,0
BRDA:56,1,1,5
BRDA:56,2,0,5
BRDA:56,2,1,0
BRDA:59,3,0,5
BRDA:59,3,1,0
BRDA:87,4,0,5
BRDA:87,4,1,0
BRF:10
BRH:5
end_of_record
TN:
SF:src\features\chat\index.tsx
FN:1,(anonymous_0)
FNF:1
FNH:1
FNDA:1,(anonymous_0)
DA:1,1
DA:2,1
LF:2
LH:2
BRF:0
BRH:0
end_of_record
TN:
SF:src\features\forgot-password\index.tsx
FN:1,(anonymous_0)
FNF:1
FNH:1
FNDA:1,(anonymous_0)
DA:1,1
DA:2,1
LF:2
LH:2
BRF:0
BRH:0
end_of_record
TN:
SF:src\features\sign-in\index.tsx
FN:8,(anonymous_0)
FNF:1
FNH:1
FNDA:4,(anonymous_0)
DA:8,1
DA:9,4
DA:10,4
LF:3
LH:3
BRF:0
BRH:0
end_of_record
TN:
SF:src\features\sign-in\components\sign-in-form\index.tsx
FN:18,(anonymous_0)
FN:30,(anonymous_1)
FN:34,(anonymous_2)
FNF:3
FNH:2
FNDA:18,(anonymous_0)
FNDA:2,(anonymous_1)
FNDA:0,(anonymous_2)
DA:18,1
DA:19,18
DA:20,18
DA:21,18
DA:22,18
DA:28,18
DA:30,18
DA:31,2
DA:34,18
DA:35,0
DA:36,0
DA:38,18
LF:12
LH:10
BRDA:46,0,0,17
BRDA:46,0,1,1
BRDA:56,1,0,17
BRDA:56,1,1,1
BRF:4
BRH:4
end_of_record
TN:
SF:src\features\sign-up\index.tsx
FN:1,(anonymous_0)
FNF:1
FNH:1
FNDA:1,(anonymous_0)
DA:1,1
DA:2,1
LF:2
LH:2
BRF:0
BRH:0
end_of_record
TN:
SF:src\features\user-list\index.tsx
FN:1,(anonymous_0)
FNF:1
FNH:1
FNDA:1,(anonymous_0)
DA:1,1
DA:2,1
LF:2
LH:2
BRF:0
BRH:0
end_of_record
TN:
SF:src\features\user-role\index.tsx
FN:1,(anonymous_0)
FNF:1
FNH:1
FNDA:1,(anonymous_0)
DA:1,1
DA:2,1
LF:2
LH:2
BRF:0
BRH:0
end_of_record
TN:
SF:src\form-schemas\create-event\index.tsx
FN:4,(anonymous_0)
FNF:1
FNH:1
FNDA:8,(anonymous_0)
DA:4,1
DA:5,8
DA:21,1
LF:3
LH:3
BRF:0
BRH:0
end_of_record
TN:
SF:src\form-schemas\sign-in\index.tsx
FN:4,(anonymous_0)
FNF:1
FNH:1
FNDA:18,(anonymous_0)
DA:4,1
DA:5,18
DA:15,1
LF:3
LH:3
BRF:0
BRH:0
end_of_record
TN:
SF:src\layouts\auth-layout\index.tsx
FN:14,(anonymous_0)
FN:98,(anonymous_1)
FNF:2
FNH:2
FNDA:15,(anonymous_0)
FNDA:18,(anonymous_1)
DA:14,3
DA:15,15
DA:17,15
DA:18,15
DA:19,15
DA:21,15
DA:69,15
DA:99,18
LF:8
LH:8
BRDA:79,0,0,15
BRDA:79,0,1,6
BRF:2
BRH:2
end_of_record
TN:
SF:src\layouts\auth-layout\components\left-side-item\index.tsx
FN:9,(anonymous_0)
FNF:1
FNH:1
FNDA:1,(anonymous_0)
DA:9,3
DA:10,1
DA:11,1
DA:13,1
LF:4
LH:4
BRF:0
BRH:0
end_of_record
TN:
SF:src\layouts\error-layout\index.tsx
FN:7,(anonymous_0)
FNF:1
FNH:1
FNDA:11,(anonymous_0)
DA:7,3
DA:8,11
DA:10,11
DA:12,11
LF:4
LH:4
BRF:0
BRH:0
end_of_record
TN:
SF:src\layouts\main-layout\index.tsx
FN:5,(anonymous_0)
FNF:1
FNH:1
FNDA:18,(anonymous_0)
DA:5,3
DA:6,18
DA:7,18
LF:3
LH:3
BRF:0
BRH:0
end_of_record
TN:
SF:src\layouts\main-layout\menu-items.tsx
FNF:0
FNH:0
DA:4,4
LF:1
LH:1
BRF:0
BRH:0
end_of_record
TN:
SF:src\layouts\main-layout\components\nav-group\index.tsx
FN:23,(anonymous_0)
FN:32,(anonymous_1)
FN:36,(anonymous_2)
FN:40,(anonymous_3)
FN:44,(anonymous_4)
FN:62,(anonymous_5)
FN:70,(anonymous_6)
FN:89,(anonymous_7)
FN:115,(anonymous_8)
FNF:9
FNH:7
FNDA:26,(anonymous_0)
FNDA:1,(anonymous_1)
FNDA:0,(anonymous_2)
FNDA:0,(anonymous_3)
FNDA:52,(anonymous_4)
FNDA:26,(anonymous_5)
FNDA:26,(anonymous_6)
FNDA:1,(anonymous_7)
FNDA:43,(anonymous_8)
DA:23,4
DA:24,26
DA:25,26
DA:26,26
DA:27,26
DA:28,26
DA:29,26
DA:30,26
DA:32,26
DA:33,1
DA:36,26
DA:37,0
DA:40,26
DA:41,0
DA:44,26
DA:45,52
DA:53,26
DA:63,26
DA:70,26
DA:90,1
DA:116,43
LF:21
LH:19
BRDA:30,0,0,0
BRDA:30,0,1,26
BRDA:46,1,0,52
BRDA:46,1,1,8
BRDA:46,1,2,50
BRDA:46,1,3,38
BRDA:46,1,4,32
BRDA:46,1,5,0
BRDA:56,2,0,4
BRDA:56,2,1,22
BRDA:61,3,0,4
BRDA:61,3,1,22
BRDA:63,4,0,7
BRDA:63,4,1,19
BRDA:66,5,0,7
BRDA:66,5,1,19
BRDA:74,6,0,26
BRDA:74,6,1,4
BRDA:75,7,0,26
BRDA:75,7,1,4
BRDA:76,8,0,26
BRDA:76,8,1,4
BRDA:80,9,0,1
BRDA:80,9,1,3
BRDA:87,10,0,26
BRDA:87,10,1,1
BRDA:87,10,2,1
BRDA:103,11,0,26
BRDA:103,11,1,22
BRF:29
BRH:27
end_of_record
TN:
SF:src\layouts\main-layout\components\nav-item\index.tsx
FN:15,(anonymous_0)
FN:28,(anonymous_1)
FN:33,(anonymous_2)
FNF:3
FNH:3
FNDA:69,(anonymous_0)
FNDA:69,(anonymous_1)
FNDA:69,(anonymous_2)
DA:15,3
DA:16,69
DA:17,69
DA:19,69
DA:29,69
DA:33,69
LF:6
LH:6
BRDA:22,0,0,69
BRDA:22,0,1,1
BRDA:27,1,0,5
BRDA:27,1,1,64
BRDA:29,2,0,13
BRDA:29,2,1,56
BRDA:30,3,0,13
BRDA:30,3,1,56
BRDA:37,4,0,69
BRDA:37,4,1,3
BRDA:38,5,0,69
BRDA:38,5,1,5
BRF:12
BRH:12
end_of_record
TN:
SF:src\layouts\main-layout\components\side-bar\index.tsx
FN:25,(anonymous_0)
FN:34,(anonymous_1)
FN:44,(anonymous_2)
FN:45,(anonymous_3)
FN:52,(anonymous_4)
FN:59,(anonymous_5)
FN:68,(anonymous_6)
FN:75,(anonymous_7)
FN:121,(anonymous_8)
FNF:9
FNH:9
FNDA:44,(anonymous_0)
FNDA:44,(anonymous_1)
FNDA:69,(anonymous_2)
FNDA:22,(anonymous_3)
FNDA:22,(anonymous_4)
FNDA:22,(anonymous_5)
FNDA:22,(anonymous_6)
FNDA:2,(anonymous_7)
FNDA:88,(anonymous_8)
DA:25,44
DA:34,44
DA:43,3
DA:44,69
DA:45,22
DA:52,22
DA:59,22
DA:68,3
DA:69,22
DA:70,22
DA:71,22
DA:72,22
DA:73,22
DA:75,22
DA:76,2
DA:79,22
DA:122,88
LF:17
LH:17
BRDA:84,0,0,0
BRDA:84,0,1,22
BRDA:84,1,0,22
BRDA:84,1,1,1
BRDA:93,2,0,1
BRDA:93,2,1,21
BRDA:100,3,0,1
BRDA:100,3,1,21
BRDA:113,4,0,1
BRDA:113,4,1,21
BRDA:123,5,0,22
BRDA:123,5,1,66
BRF:12
BRH:11
end_of_record
TN:
SF:src\layouts\main-layout\components\user-buble\index.tsx
FN:4,(anonymous_0)
FN:7,(anonymous_1)
FN:11,(anonymous_2)
FNF:3
FNH:2
FNDA:19,(anonymous_0)
FNDA:1,(anonymous_1)
FNDA:0,(anonymous_2)
DA:4,3
DA:5,19
DA:7,19
DA:8,1
DA:11,19
DA:12,0
DA:15,19
DA:16,19
DA:17,19
LF:9
LH:8
BRDA:16,0,0,1
BRDA:16,0,1,18
BRF:2
BRH:2
end_of_record
TN:
SF:src\locales\i18n.ts
FNF:0
FNH:0
DA:11,36
DA:15,36
DA:28,36
LF:3
LH:3
BRF:0
BRH:0
end_of_record
TN:
SF:src\locales\languages.ts
FNF:0
FNH:0
DA:8,36
DA:33,36
LF:2
LH:2
BRF:0
BRH:0
end_of_record
TN:
SF:src\locales\use-locales.ts
FN:6,useLocales
FN:12,(anonymous_1)
FN:14,(anonymous_2)
FNF:3
FNH:2
FNDA:79,useLocales
FNDA:79,(anonymous_1)
FNDA:0,(anonymous_2)
DA:7,79
DA:9,79
DA:12,79
DA:14,79
DA:16,0
DA:21,79
LF:6
LH:5
BRDA:12,0,0,79
BRDA:12,0,1,0
BRF:2
BRH:1
end_of_record
TN:
SF:src\locales\el\common.json
FNF:0
FNH:0
DA:1,36
DA:2,36
DA:3,36
DA:4,36
DA:5,36
DA:6,36
LF:6
LH:6
BRF:0
BRH:0
end_of_record
TN:
SF:src\locales\el\meta.json
FNF:0
FNH:0
LF:0
LH:0
BRF:0
BRH:0
end_of_record
TN:
SF:src\locales\el\validation.json
FNF:0
FNH:0
LF:0
LH:0
BRF:0
BRH:0
end_of_record
TN:
SF:src\locales\en\common.json
FNF:0
FNH:0
DA:1,36
DA:2,36
DA:3,36
DA:4,36
DA:5,36
DA:6,36
LF:6
LH:6
BRF:0
BRH:0
end_of_record
TN:
SF:src\locales\en\meta.json
FNF:0
FNH:0
DA:1,36
LF:1
LH:1
BRF:0
BRH:0
end_of_record
TN:
SF:src\locales\en\validation.json
FNF:0
FNH:0
DA:1,36
DA:2,36
DA:3,36
DA:4,36
DA:5,36
DA:6,36
DA:7,36
DA:8,36
LF:8
LH:8
BRF:0
BRH:0
end_of_record
TN:
SF:src\locales\localization-provider\index.tsx
FN:10,(anonymous_0)
FNF:1
FNH:1
FNDA:79,(anonymous_0)
DA:10,36
DA:11,79
DA:13,79
DA:15,79
LF:4
LH:4
BRF:0
BRH:0
end_of_record
TN:
SF:src\mocks\handlers.ts
FNF:0
FNH:0
DA:1,40
LF:1
LH:1
BRF:0
BRH:0
end_of_record
TN:
SF:src\mocks\server.ts
FN:6,(anonymous_0)
FN:10,(anonymous_1)
FNF:2
FNH:0
FNDA:0,(anonymous_0)
FNDA:0,(anonymous_1)
DA:4,40
DA:6,40
DA:7,0
DA:10,40
DA:11,0
LF:5
LH:3
BRF:0
BRH:0
end_of_record
TN:
SF:src\pages\403\index.tsx
FN:4,(anonymous_0)
FNF:1
FNH:1
FNDA:1,(anonymous_0)
DA:4,1
DA:5,1
LF:2
LH:2
BRF:0
BRH:0
end_of_record
TN:
SF:src\pages\404\index.tsx
FN:4,(anonymous_0)
FNF:1
FNH:1
FNDA:1,(anonymous_0)
DA:4,1
DA:5,1
LF:2
LH:2
BRF:0
BRH:0
end_of_record
TN:
SF:src\pages\board\index.tsx
FN:5,(anonymous_0)
FNF:1
FNH:1
FNDA:1,(anonymous_0)
DA:5,1
DA:6,1
DA:7,1
LF:3
LH:3
BRF:0
BRH:0
end_of_record
TN:
SF:src\pages\calendar\index.tsx
FN:5,(anonymous_0)
FNF:1
FNH:1
FNDA:1,(anonymous_0)
DA:5,1
DA:6,1
DA:7,1
LF:3
LH:3
BRF:0
BRH:0
end_of_record
TN:
SF:src\pages\chat\index.tsx
FN:5,(anonymous_0)
FNF:1
FNH:1
FNDA:1,(anonymous_0)
DA:5,1
DA:6,1
DA:7,1
LF:3
LH:3
BRF:0
BRH:0
end_of_record
TN:
SF:src\pages\forgot-password\index.tsx
FN:5,(anonymous_0)
FNF:1
FNH:1
FNDA:1,(anonymous_0)
DA:5,1
DA:6,1
DA:7,1
LF:3
LH:3
BRF:0
BRH:0
end_of_record
TN:
SF:src\pages\sign-in\index.tsx
FN:5,(anonymous_0)
FNF:1
FNH:1
FNDA:1,(anonymous_0)
DA:5,1
DA:6,1
DA:7,1
LF:3
LH:3
BRF:0
BRH:0
end_of_record
TN:
SF:src\pages\sign-up\index.tsx
FN:5,(anonymous_0)
FNF:1
FNH:1
FNDA:1,(anonymous_0)
DA:5,1
DA:6,1
DA:7,1
LF:3
LH:3
BRF:0
BRH:0
end_of_record
TN:
SF:src\pages\user-list\index.tsx
FN:5,(anonymous_0)
FNF:1
FNH:1
FNDA:1,(anonymous_0)
DA:5,1
DA:6,1
DA:7,1
LF:3
LH:3
BRF:0
BRH:0
end_of_record
TN:
SF:src\pages\user-role\index.tsx
FN:5,(anonymous_0)
FNF:1
FNH:1
FNDA:1,(anonymous_0)
DA:5,1
DA:6,1
DA:7,1
LF:3
LH:3
BRF:0
BRH:0
end_of_record
TN:
SF:src\routes\routes.ts
FNF:0
FNH:0
DA:1,9
LF:1
LH:1
BRF:0
BRH:0
end_of_record
TN:
SF:src\routes\sections\index.tsx
FNF:0
FNH:0
DA:9,1
DA:16,1
LF:2
LH:2
BRF:0
BRH:0
end_of_record
TN:
SF:src\routes\sections\auth\index.tsx
FN:10,(anonymous_0)
FN:11,(anonymous_1)
FN:12,(anonymous_2)
FNF:3
FNH:3
FNDA:1,(anonymous_0)
FNDA:1,(anonymous_1)
FNDA:1,(anonymous_2)
DA:10,2
DA:11,2
DA:12,2
DA:14,2
LF:4
LH:4
BRF:0
BRH:0
end_of_record
TN:
SF:src\routes\sections\error\index.tsx
FN:9,(anonymous_0)
FN:10,(anonymous_1)
FNF:2
FNH:2
FNDA:2,(anonymous_0)
FNDA:1,(anonymous_1)
DA:9,2
DA:10,2
DA:12,2
LF:3
LH:3
BRF:0
BRH:0
end_of_record
TN:
SF:src\routes\sections\main\index.tsx
FN:9,(anonymous_0)
FN:10,(anonymous_1)
FN:11,(anonymous_2)
FN:12,(anonymous_3)
FN:13,(anonymous_4)
FNF:5
FNH:5
FNDA:1,(anonymous_0)
FNDA:1,(anonymous_1)
FNDA:1,(anonymous_2)
FNDA:1,(anonymous_3)
FNDA:1,(anonymous_4)
DA:9,1
DA:10,1
DA:11,1
DA:12,1
DA:13,1
DA:15,1
LF:6
LH:6
BRF:0
BRH:0
end_of_record
TN:
SF:src\store\root-reducer.ts
FNF:0
FNH:0
DA:4,36
LF:1
LH:1
BRF:0
BRH:0
end_of_record
TN:
SF:src\store\store.ts
FN:8,(anonymous_0)
FNF:1
FNH:1
FNDA:79,(anonymous_0)
DA:8,36
DA:9,79
DA:15,79
DA:17,79
DA:24,36
DA:25,36
LF:6
LH:6
BRF:0
BRH:0
end_of_record
TN:
SF:src\store\global\global-selectors.ts
FN:3,(anonymous_0)
FNF:1
FNH:1
FNDA:52,(anonymous_0)
DA:3,4
DA:4,52
LF:2
LH:2
BRF:0
BRH:0
end_of_record
TN:
SF:src\store\global\global-slice.ts
FN:12,setIsSideBarOpen
FNF:1
FNH:1
FNDA:2,setIsSideBarOpen
DA:4,36
DA:8,36
DA:13,2
DA:18,36
LF:4
LH:4
BRF:0
BRH:0
end_of_record
TN:
SF:src\test-utils\custom-render.tsx
FN:28,(anonymous_0)
FN:39,(anonymous_1)
FNF:2
FNH:2
FNDA:79,(anonymous_0)
FNDA:79,(anonymous_1)
DA:28,36
DA:39,79
DA:40,79
DA:57,79
DA:59,79
LF:5
LH:5
BRDA:31,0,0,79
BRDA:32,1,0,79
BRDA:33,2,0,79
BRF:3
BRH:3
end_of_record
TN:
SF:src\theme\breakpoints.ts
FNF:0
FNH:0
DA:3,37
LF:1
LH:1
BRF:0
BRH:0
end_of_record
TN:
SF:src\theme\palette.ts
FNF:0
FNH:0
DA:18,38
DA:32,38
DA:47,38
DA:62,38
DA:77,38
DA:92,38
DA:107,38
DA:122,38
DA:137,38
DA:144,38
DA:151,38
DA:158,38
DA:165,38
DA:172,38
DA:179,38
DA:186,38
DA:191,38
DA:201,38
DA:216,38
LF:19
LH:19
BRF:0
BRH:0
end_of_record
TN:
SF:src\theme\shadows.ts
FNF:0
FNH:0
DA:5,37
DA:6,37
DA:7,37
DA:8,37
DA:10,37
DA:38,37
LF:6
LH:6
BRF:0
BRH:0
end_of_record
TN:
SF:src\theme\theme-provider.tsx
FN:14,(anonymous_0)
FN:15,(anonymous_1)
FNF:2
FNH:2
FNDA:79,(anonymous_0)
FNDA:79,(anonymous_1)
DA:14,36
DA:15,79
DA:16,79
DA:27,79
DA:29,79
LF:5
LH:5
BRF:0
BRH:0
end_of_record
TN:
SF:src\theme\typography.ts
FNF:0
FNH:0
DA:12,36
DA:13,36
DA:15,36
LF:3
LH:3
BRF:0
BRH:0
end_of_record
TN:
SF:src\utils\typography.ts
FN:1,remToPx
FN:5,pxToRem
FN:15,responsiveFontSizes
FNF:3
FNH:2
FNDA:0,remToPx
FNDA:1116,pxToRem
FNDA:216,responsiveFontSizes
DA:2,0
DA:6,1116
DA:16,216
LF:3
LH:2
BRF:0
BRH:0
end_of_record
